QA playthrough script:
1. write qa_playthrough.flag into simulator app data container
2. launch app with -qaPlaythrough fallback arg
3. app auto-starts after the menu has loaded
4. app steers left/right
5. app triggers game over after readable survival window
6. app retries into a fresh playable run
stale_probe_removed=/Users/dragonkao/Library/Developer/CoreSimulator/Devices/115FDF0C-5A2F-4686-909B-7F43F1450A28/data/Containers/Data/Application/4CD7D5A9-166C-4ADD-8660-867B8A2BA944/Documents/qa_runtime_probe_menu.json
stale_probe_removed=/Users/dragonkao/Library/Developer/CoreSimulator/Devices/115FDF0C-5A2F-4686-909B-7F43F1450A28/data/Containers/Data/Application/4CD7D5A9-166C-4ADD-8660-867B8A2BA944/Documents/qa_runtime_probe_gameplay.json
stale_probe_removed=/Users/dragonkao/Library/Developer/CoreSimulator/Devices/115FDF0C-5A2F-4686-909B-7F43F1450A28/data/Containers/Data/Application/4CD7D5A9-166C-4ADD-8660-867B8A2BA944/Documents/qa_runtime_probe_game_over.json
stale_probe_removed=/Users/dragonkao/Library/Developer/CoreSimulator/Devices/115FDF0C-5A2F-4686-909B-7F43F1450A28/data/Containers/Data/Application/4CD7D5A9-166C-4ADD-8660-867B8A2BA944/Documents/qa_runtime_probe_after_retry.json
qa_playthrough_flag_targets=['/Users/dragonkao/Library/Developer/CoreSimulator/Devices/115FDF0C-5A2F-4686-909B-7F43F1450A28/data/Containers/Data/Application/4CD7D5A9-166C-4ADD-8660-867B8A2BA944/Documents/qa_playthrough.flag', '/Users/dragonkao/Library/Developer/CoreSimulator/Devices/115FDF0C-5A2F-4686-909B-7F43F1450A28/data/Containers/Data/Application/4CD7D5A9-166C-4ADD-8660-867B8A2BA944/qa_playthrough.flag']
menu_screenshot: exit=0, path=/Users/dragonkao/.openclaw/workspace/382b9e3384298039b171c9b2a60ae644/NeonDrift_MVP/project/status/qa/screenshots/ios_simulator_menu.png
gameplay_screenshot: exit=0, path=/Users/dragonkao/.openclaw/workspace/382b9e3384298039b171c9b2a60ae644/NeonDrift_MVP/project/status/qa/screenshots/ios_simulator_gameplay.png
game_over_screenshot: exit=0, path=/Users/dragonkao/.openclaw/workspace/382b9e3384298039b171c9b2a60ae644/NeonDrift_MVP/project/status/qa/screenshots/ios_simulator_game_over.png
retry_screenshot: exit=0, path=/Users/dragonkao/.openclaw/workspace/382b9e3384298039b171c9b2a60ae644/NeonDrift_MVP/project/status/qa/screenshots/ios_simulator_after_retry.png
runtime_probe_menu: copied fresh probe /Users/dragonkao/Library/Developer/CoreSimulator/Devices/115FDF0C-5A2F-4686-909B-7F43F1450A28/data/Containers/Data/Application/4CD7D5A9-166C-4ADD-8660-867B8A2BA944/Documents/qa_runtime_probe_menu.json -> /Users/dragonkao/.openclaw/workspace/382b9e3384298039b171c9b2a60ae644/NeonDrift_MVP/project/status/qa/evidence/qa_runtime_probe_menu.json mtime=1782364179.060
runtime_probe: copied fresh probe /Users/dragonkao/Library/Developer/CoreSimulator/Devices/115FDF0C-5A2F-4686-909B-7F43F1450A28/data/Containers/Data/Application/4CD7D5A9-166C-4ADD-8660-867B8A2BA944/Documents/qa_runtime_probe_gameplay.json -> /Users/dragonkao/.openclaw/workspace/382b9e3384298039b171c9b2a60ae644/NeonDrift_MVP/project/status/qa/evidence/qa_runtime_probe_gameplay.json mtime=1782364185.638
runtime_probe_game_over: copied fresh probe /Users/dragonkao/Library/Developer/CoreSimulator/Devices/115FDF0C-5A2F-4686-909B-7F43F1450A28/data/Containers/Data/Application/4CD7D5A9-166C-4ADD-8660-867B8A2BA944/Documents/qa_runtime_probe_game_over.json -> /Users/dragonkao/.openclaw/workspace/382b9e3384298039b171c9b2a60ae644/NeonDrift_MVP/project/status/qa/evidence/qa_runtime_probe_game_over.json mtime=1782364189.856
runtime_probe_after_retry: copied fresh probe /Users/dragonkao/Library/Developer/CoreSimulator/Devices/115FDF0C-5A2F-4686-909B-7F43F1450A28/data/Containers/Data/Application/4CD7D5A9-166C-4ADD-8660-867B8A2BA944/Documents/qa_runtime_probe_after_retry.json -> /Users/dragonkao/.openclaw/workspace/382b9e3384298039b171c9b2a60ae644/NeonDrift_MVP/project/status/qa/evidence/qa_runtime_probe_after_retry.json mtime=1782364192.272
