QA playthrough script:
1. write qa_playthrough.flag into simulator app data container
2. launch app with -qaPlaythrough fallback arg
3. app auto-starts after the menu has loaded
4. app steers left/right
5. app triggers game over after readable survival window
6. app retries into a fresh playable run
stale_probe_removed=/Users/dragonkao/Library/Developer/CoreSimulator/Devices/CC47DE7A-8196-4465-A5A5-BB852C9C6C82/data/Containers/Data/Application/1E2F819E-C2F0-4C04-8F11-49D3C8B6BAC5/Documents/qa_runtime_probe_menu.json
stale_probe_removed=/Users/dragonkao/Library/Developer/CoreSimulator/Devices/CC47DE7A-8196-4465-A5A5-BB852C9C6C82/data/Containers/Data/Application/1E2F819E-C2F0-4C04-8F11-49D3C8B6BAC5/Documents/qa_runtime_probe_gameplay.json
stale_probe_removed=/Users/dragonkao/Library/Developer/CoreSimulator/Devices/CC47DE7A-8196-4465-A5A5-BB852C9C6C82/data/Containers/Data/Application/1E2F819E-C2F0-4C04-8F11-49D3C8B6BAC5/Documents/qa_runtime_probe_game_over.json
stale_probe_removed=/Users/dragonkao/Library/Developer/CoreSimulator/Devices/CC47DE7A-8196-4465-A5A5-BB852C9C6C82/data/Containers/Data/Application/1E2F819E-C2F0-4C04-8F11-49D3C8B6BAC5/Documents/qa_runtime_probe_after_retry.json
qa_playthrough_flag_targets=['/Users/dragonkao/Library/Developer/CoreSimulator/Devices/CC47DE7A-8196-4465-A5A5-BB852C9C6C82/data/Containers/Data/Application/1E2F819E-C2F0-4C04-8F11-49D3C8B6BAC5/Documents/qa_playthrough.flag', '/Users/dragonkao/Library/Developer/CoreSimulator/Devices/CC47DE7A-8196-4465-A5A5-BB852C9C6C82/data/Containers/Data/Application/1E2F819E-C2F0-4C04-8F11-49D3C8B6BAC5/qa_playthrough.flag']
menu_screenshot: exit=0, path=/Users/dragonkao/.openclaw/workspace/382b9e3384298039b171c9b2a60ae644/NeonDrift_MVP/project/status/qa/screenshots/ios_simulator_menu.png
menu_screenshot_readability_retry: exit=0, metrics={'exists': True, 'width': 1206, 'height': 2622, 'sample_count': 40000, 'min_luma': 0.0, 'max_luma': 255.0, 'mean_luma': 57.621, 'dark_ratio': 0.3694, 'bright_ratio': 0.2521, 'very_bright_ratio': 0.0611, 'saturated_color_ratio': 0.6221, 'color_bucket_count': 64}
gameplay_screenshot: exit=0, path=/Users/dragonkao/.openclaw/workspace/382b9e3384298039b171c9b2a60ae644/NeonDrift_MVP/project/status/qa/screenshots/ios_simulator_gameplay.png
game_over_screenshot: exit=0, path=/Users/dragonkao/.openclaw/workspace/382b9e3384298039b171c9b2a60ae644/NeonDrift_MVP/project/status/qa/screenshots/ios_simulator_game_over.png
retry_screenshot: exit=0, path=/Users/dragonkao/.openclaw/workspace/382b9e3384298039b171c9b2a60ae644/NeonDrift_MVP/project/status/qa/screenshots/ios_simulator_after_retry.png
record_video_recovery: ok=True, detail=target_video_ok bytes=4730385
runtime_probe_menu: copied fresh probe /Users/dragonkao/Library/Developer/CoreSimulator/Devices/CC47DE7A-8196-4465-A5A5-BB852C9C6C82/data/Containers/Data/Application/1E2F819E-C2F0-4C04-8F11-49D3C8B6BAC5/Documents/qa_runtime_probe_menu.json -> /Users/dragonkao/.openclaw/workspace/382b9e3384298039b171c9b2a60ae644/NeonDrift_MVP/project/status/qa/evidence/qa_runtime_probe_menu.json mtime=1782485168.768
runtime_probe: copied fresh probe /Users/dragonkao/Library/Developer/CoreSimulator/Devices/CC47DE7A-8196-4465-A5A5-BB852C9C6C82/data/Containers/Data/Application/1E2F819E-C2F0-4C04-8F11-49D3C8B6BAC5/Documents/qa_runtime_probe_gameplay.json -> /Users/dragonkao/.openclaw/workspace/382b9e3384298039b171c9b2a60ae644/NeonDrift_MVP/project/status/qa/evidence/qa_runtime_probe_gameplay.json mtime=1782485175.235
runtime_probe_game_over: copied fresh probe /Users/dragonkao/Library/Developer/CoreSimulator/Devices/CC47DE7A-8196-4465-A5A5-BB852C9C6C82/data/Containers/Data/Application/1E2F819E-C2F0-4C04-8F11-49D3C8B6BAC5/Documents/qa_runtime_probe_game_over.json -> /Users/dragonkao/.openclaw/workspace/382b9e3384298039b171c9b2a60ae644/NeonDrift_MVP/project/status/qa/evidence/qa_runtime_probe_game_over.json mtime=1782485179.451
runtime_probe_after_retry: copied fresh probe /Users/dragonkao/Library/Developer/CoreSimulator/Devices/CC47DE7A-8196-4465-A5A5-BB852C9C6C82/data/Containers/Data/Application/1E2F819E-C2F0-4C04-8F11-49D3C8B6BAC5/Documents/qa_runtime_probe_after_retry.json -> /Users/dragonkao/.openclaw/workspace/382b9e3384298039b171c9b2a60ae644/NeonDrift_MVP/project/status/qa/evidence/qa_runtime_probe_after_retry.json mtime=1782485181.866
